2025-09-21 13:36:15,932 - __main__ - INFO - Exam Coordinator master initialized on port 8000
2025-09-21 13:36:17,948 - __main__ - INFO - Exam Coordinator replica1 initialized on port 8001
2025-09-21 13:36:18,962 - __main__ - INFO - Exam Coordinator replica2 initialized on port 8002
2025-09-21 13:38:24,389 - __main__ - INFO - Exam Coordinator master initialized on port 8000
2025-09-21 13:38:26,404 - __main__ - INFO - Exam Coordinator replica1 initialized on port 8001
2025-09-21 13:38:27,414 - __main__ - INFO - Exam Coordinator replica2 initialized on port 8002
2025-09-21 13:42:10,602 - __main__ - INFO - Exam Coordinator master initialized on port 8000
2025-09-21 13:42:10,603 - __main__ - INFO - XML-RPC Server starting on port 8000 (Replica: master)
2025-09-21 13:46:20,773 - __main__ - INFO - Server shutting down...
2025-09-21 13:46:45,162 - __main__ - INFO - Exam Coordinator master initialized on port 8000
2025-09-21 13:46:45,162 - __main__ - INFO - XML-RPC Server starting on port 8000 (Replica: master)
2025-09-21 13:46:48,167 - __main__ - INFO - Exam Coordinator replica1 initialized on port 8001
2025-09-21 13:46:48,167 - __main__ - INFO - XML-RPC Server starting on port 8001 (Replica: replica1)
2025-09-21 13:46:50,199 - __main__ - INFO - Exam Coordinator replica2 initialized on port 8002
2025-09-21 13:46:50,199 - __main__ - INFO - XML-RPC Server starting on port 8002 (Replica: replica2)
2025-09-21 13:47:46,183 - __main__ - INFO - Exam Coordinator master initialized on port 8000
2025-09-21 13:47:46,183 - __main__ - INFO - XML-RPC Server starting on port 8000 (Replica: master)
2025-09-21 13:47:49,184 - __main__ - INFO - Exam Coordinator replica1 initialized on port 8001
2025-09-21 13:47:49,185 - __main__ - INFO - XML-RPC Server starting on port 8001 (Replica: replica1)
2025-09-21 13:47:51,191 - __main__ - INFO - Exam Coordinator replica2 initialized on port 8002
2025-09-21 13:47:51,191 - __main__ - INFO - XML-RPC Server starting on port 8002 (Replica: replica2)
2025-09-21 13:49:44,999 - __main__ - INFO - Exam Coordinator master initialized on port 8000
2025-09-21 13:49:44,999 - __main__ - INFO - XML-RPC Server starting on port 8000 (Replica: master)
2025-09-21 13:49:47,999 - __main__ - INFO - Exam Coordinator replica1 initialized on port 8001
2025-09-21 13:49:48,000 - __main__ - INFO - XML-RPC Server starting on port 8001 (Replica: replica1)
2025-09-21 13:49:50,015 - __main__ - INFO - Exam Coordinator replica2 initialized on port 8002
2025-09-21 13:49:50,015 - __main__ - INFO - XML-RPC Server starting on port 8002 (Replica: replica2)
2025-09-21 13:51:56,283 - __main__ - INFO - Exam Coordinator master initialized on port 8000
2025-09-21 13:51:56,284 - __main__ - INFO - XML-RPC Server starting on port 8000 (Replica: master)
2025-09-21 13:52:23,408 - __main__ - INFO - Server shutting down...
2025-09-21 13:53:03,091 - server - INFO - Exam Coordinator test initialized on port 8000
2025-09-21 13:53:03,091 - server - INFO - EVENT: student_registered - {"roll": "TEST001"}
2025-09-21 13:56:34,696 - __main__ - INFO - Exam Coordinator master initialized on port 8000
2025-09-21 13:56:34,696 - __main__ - INFO - XML-RPC Server starting on port 8000 (Replica: master)
2025-09-21 13:59:31,117 - __main__ - INFO - EVENT: student_registered - {"roll": "23102A0018"}
2025-09-21 13:59:38,935 - __main__ - INFO - EVENT: student_registered - {"roll": "23102A0001"}
2025-09-21 13:59:46,433 - __main__ - INFO - EVENT: student_registered - {"roll": "23102A0025"}
2025-09-21 14:00:25,835 - __main__ - INFO - EVENT: exam_started - {"student_count": 3}
2025-09-21 14:00:25,838 - __main__ - INFO - Berkeley time synchronization started
2025-09-21 14:01:01,894 - __main__ - INFO - EVENT: cheating_detected - {"roll": "23102A0018", "evidence": "suspicious_activity", "current_warnings": 0, "current_marks": 100.0}
2025-09-21 14:01:39,334 - __main__ - INFO - EVENT: cheating_detected - {"roll": "23102A0025", "evidence": "test", "current_warnings": 0, "current_marks": 100.0}
2025-09-21 14:02:45,358 - __main__ - INFO - EVENT: cheating_detected - {"roll": "23102A0018", "evidence": "suspicious_activity", "current_warnings": 1, "current_marks": 50.0}
2025-09-21 14:05:10,203 - __main__ - INFO - EVENT: exam_ended - {"total_students": 3}
2025-09-21 14:05:10,501 - __main__ - INFO - Server shutting down...
2025-09-22 13:04:21,951 - __main__ - INFO - Exam Coordinator master initialized on port 8000
2025-09-22 13:04:21,952 - __main__ - INFO - XML-RPC Server starting on port 8000 (Replica: master)
2025-09-22 13:04:24,882 - __main__ - INFO - Exam Coordinator replica1 initialized on port 8001
2025-09-22 13:04:24,882 - __main__ - INFO - XML-RPC Server starting on port 8001 (Replica: replica1)
2025-09-22 13:04:26,892 - __main__ - INFO - Exam Coordinator replica2 initialized on port 8002
2025-09-22 13:04:26,892 - __main__ - INFO - XML-RPC Server starting on port 8002 (Replica: replica2)
2025-09-22 13:12:23,190 - __main__ - INFO - EVENT: student_registered - {"roll": "23102A0018"}
2025-09-22 13:12:44,622 - __main__ - INFO - EVENT: exam_started - {"student_count": 1}
2025-09-22 13:12:44,624 - __main__ - INFO - Berkeley time synchronization started
2025-09-22 13:12:57,688 - __main__ - INFO - EVENT: cheating_detected - {"roll": "23102A0018", "evidence": "suspicious_activity", "current_warnings": 0, "current_marks": 100.0}
2025-09-22 13:16:30,409 - __main__ - INFO - EVENT: time_reported - {"roll": "23102A0018", "reported_time": 1758527190.397, "offset": -0.012048959732055664}
2025-09-23 11:34:38,485 - __main__ - INFO - Exam Coordinator master initialized on port 8000
2025-09-23 11:34:38,485 - __main__ - INFO - XML-RPC Server starting on port 8000 (Replica: master)
2025-09-23 11:34:41,479 - __main__ - INFO - Exam Coordinator replica1 initialized on port 8001
2025-09-23 11:34:41,479 - __main__ - INFO - XML-RPC Server starting on port 8001 (Replica: replica1)
2025-09-23 11:34:43,489 - __main__ - INFO - Exam Coordinator replica2 initialized on port 8002
2025-09-23 11:34:43,489 - __main__ - INFO - XML-RPC Server starting on port 8002 (Replica: replica2)
2025-09-23 11:39:43,274 - __main__ - INFO - Exam Coordinator master initialized on port 8000
2025-09-23 11:39:43,274 - __main__ - INFO - XML-RPC Server starting on port 8000 (Replica: master)
2025-09-23 11:39:46,286 - __main__ - INFO - Exam Coordinator replica1 initialized on port 8001
2025-09-23 11:39:46,286 - __main__ - INFO - XML-RPC Server starting on port 8001 (Replica: replica1)
2025-09-23 11:39:48,287 - __main__ - INFO - Exam Coordinator replica2 initialized on port 8002
2025-09-23 11:39:48,287 - __main__ - INFO - XML-RPC Server starting on port 8002 (Replica: replica2)
2025-09-23 11:43:34,651 - __main__ - INFO - EVENT: student_registered - {"roll": "23102A0025"}
2025-09-23 11:43:45,681 - __main__ - INFO - EVENT: exam_started - {"student_count": 1}
2025-09-23 11:43:45,683 - __main__ - INFO - Berkeley time synchronization started
2025-09-23 11:44:29,556 - __main__ - INFO - EVENT: exam_ended - {"total_students": 1}
2025-09-23 11:46:45,288 - __main__ - INFO - Exam Coordinator master initialized on port 8000
2025-09-23 11:46:45,289 - __main__ - INFO - XML-RPC Server starting on port 8000 (Replica: master)
2025-09-23 11:46:48,327 - __main__ - INFO - Exam Coordinator replica1 initialized on port 8001
2025-09-23 11:46:48,328 - __main__ - INFO - XML-RPC Server starting on port 8001 (Replica: replica1)
2025-09-23 11:46:50,315 - __main__ - INFO - Exam Coordinator replica2 initialized on port 8002
2025-09-23 11:46:50,315 - __main__ - INFO - XML-RPC Server starting on port 8002 (Replica: replica2)
2025-09-23 11:47:24,039 - __main__ - INFO - EVENT: student_registered - {"roll": "23102A0025"}
2025-09-23 11:47:32,853 - __main__ - INFO - EVENT: exam_started - {"student_count": 1}
2025-09-23 11:47:32,855 - __main__ - INFO - Berkeley time synchronization started
2025-09-23 11:47:45,591 - __main__ - INFO - EVENT: cheating_detected - {"roll": "23102A0025", "evidence": "suspicious_activity", "current_warnings": 0, "current_marks": 100.0}
2025-09-23 11:48:00,315 - __main__ - INFO - EVENT: cheating_detected - {"roll": "23102A0025", "evidence": "xdfdx", "current_warnings": 1, "current_marks": 50.0}
2025-09-23 11:48:27,490 - __main__ - INFO - EVENT: cheating_detected - {"roll": "23102A0025", "evidence": "suspicious_activity", "current_warnings": 2, "current_marks": 0.0}
2025-09-23 19:07:27,029 - __main__ - INFO - Exam Coordinator master initialized on port 8000
2025-09-23 19:07:27,030 - __main__ - INFO - XML-RPC Server starting on port 8000 (Replica: master)
2025-09-23 19:07:30,029 - __main__ - INFO - Exam Coordinator replica1 initialized on port 8001
2025-09-23 19:07:30,029 - __main__ - INFO - XML-RPC Server starting on port 8001 (Replica: replica1)
2025-09-23 19:07:32,030 - __main__ - INFO - Exam Coordinator replica2 initialized on port 8002
2025-09-23 19:07:32,030 - __main__ - INFO - XML-RPC Server starting on port 8002 (Replica: replica2)
2025-09-23 19:08:05,536 - __main__ - INFO - EVENT: student_registered - {"roll": "23102A0018"}
2025-09-23 19:08:33,285 - __main__ - INFO - EVENT: exam_started - {"student_count": 1}
2025-09-23 19:08:33,288 - __main__ - INFO - Berkeley time synchronization started
2025-09-23 19:09:22,087 - __main__ - INFO - EVENT: student_registered - {"roll": "23102A0025"}
2025-09-23 19:09:56,672 - __main__ - INFO - EVENT: exam_ended - {"total_students": 2}
2025-09-23 19:10:23,558 - __main__ - INFO - EVENT: cheating_detected - {"roll": "23102A0018", "evidence": "asdf", "current_warnings": 0, "current_marks": 100.0}
2025-09-23 19:10:39,373 - __main__ - INFO - EVENT: time_reported - {"roll": "23102A0018", "reported_time": 1758634839.365, "offset": -0.007864952087402344}
2025-09-23 19:10:39,954 - __main__ - INFO - EVENT: time_reported - {"roll": "23102A0018", "reported_time": 1758634839.947, "offset": -0.007325887680053711}
2025-09-23 19:10:40,420 - __main__ - INFO - EVENT: time_reported - {"roll": "23102A0018", "reported_time": 1758634840.417, "offset": -0.0034379959106445312}
2025-09-23 19:10:40,584 - __main__ - INFO - EVENT: time_reported - {"roll": "23102A0018", "reported_time": 1758634840.579, "offset": -0.005052089691162109}
2025-09-23 19:10:40,805 - __main__ - INFO - EVENT: time_reported - {"roll": "23102A0018", "reported_time": 1758634840.798, "offset": -0.007180929183959961}
2025-09-23 19:10:41,137 - __main__ - INFO - EVENT: time_reported - {"roll": "23102A0018", "reported_time": 1758634841.13, "offset": -0.007462978363037109}
2025-09-23 19:10:41,337 - __main__ - INFO - EVENT: time_reported - {"roll": "23102A0018", "reported_time": 1758634841.33, "offset": -0.0072002410888671875}
2025-09-23 19:10:41,554 - __main__ - INFO - EVENT: time_reported - {"roll": "23102A0018", "reported_time": 1758634841.547, "offset": -0.0073392391204833984}
2025-09-23 19:10:41,754 - __main__ - INFO - EVENT: time_reported - {"roll": "23102A0018", "reported_time": 1758634841.747, "offset": -0.006866931915283203}
2025-09-23 19:10:41,936 - __main__ - INFO - EVENT: time_reported - {"roll": "23102A0018", "reported_time": 1758634841.93, "offset": -0.0068149566650390625}
2025-09-23 19:10:42,237 - __main__ - INFO - EVENT: time_reported - {"roll": "23102A0018", "reported_time": 1758634842.23, "offset": -0.0072841644287109375}
2025-09-23 19:10:51,139 - __main__ - INFO - EVENT: time_reported - {"roll": "23102A0025", "reported_time": 1758634851.131, "offset": -0.008101940155029297}
2025-09-23 19:10:51,537 - __main__ - INFO - EVENT: time_reported - {"roll": "23102A0025", "reported_time": 1758634851.53, "offset": -0.007631063461303711}
2025-09-23 19:10:51,921 - __main__ - INFO - EVENT: time_reported - {"roll": "23102A0025", "reported_time": 1758634851.914, "offset": -0.006866931915283203}
2025-09-23 19:10:52,272 - __main__ - INFO - EVENT: time_reported - {"roll": "23102A0025", "reported_time": 1758634852.264, "offset": -0.007977962493896484}
2025-09-23 19:10:52,587 - __main__ - INFO - EVENT: time_reported - {"roll": "23102A0025", "reported_time": 1758634852.581, "offset": -0.006579875946044922}
2025-09-23 19:10:52,952 - __main__ - INFO - EVENT: time_reported - {"roll": "23102A0025", "reported_time": 1758634852.947, "offset": -0.005300045013427734}
2025-09-23 19:14:19,872 - __main__ - INFO - Exam Coordinator master initialized on port 8000
2025-09-23 19:14:19,873 - __main__ - INFO - XML-RPC Server starting on port 8000 (Replica: master)
2025-09-23 19:14:22,857 - __main__ - INFO - Exam Coordinator replica1 initialized on port 8001
2025-09-23 19:14:22,857 - __main__ - INFO - XML-RPC Server starting on port 8001 (Replica: replica1)
2025-09-23 19:14:24,877 - __main__ - INFO - Exam Coordinator replica2 initialized on port 8002
2025-09-23 19:14:24,878 - __main__ - INFO - XML-RPC Server starting on port 8002 (Replica: replica2)
2025-09-23 19:14:55,405 - __main__ - INFO - EVENT: student_registered - {"roll": "23102A0018"}
2025-09-23 19:15:01,844 - __main__ - INFO - EVENT: student_registered - {"roll": "23102A0025"}
2025-09-23 19:15:21,571 - __main__ - INFO - EVENT: exam_started - {"student_count": 2}
2025-09-23 19:15:21,574 - __main__ - INFO - Berkeley time synchronization started
2025-09-23 19:22:00,728 - __main__ - INFO - Exam Coordinator master initialized on port 8000
2025-09-23 19:22:00,728 - __main__ - INFO - XML-RPC Server starting on port 8000 (Replica: master)
2025-09-23 19:22:03,734 - __main__ - INFO - Exam Coordinator replica1 initialized on port 8001
2025-09-23 19:22:03,734 - __main__ - INFO - XML-RPC Server starting on port 8001 (Replica: replica1)
2025-09-23 19:22:05,736 - __main__ - INFO - Exam Coordinator replica2 initialized on port 8002
2025-09-23 19:22:05,736 - __main__ - INFO - XML-RPC Server starting on port 8002 (Replica: replica2)
2025-09-23 19:22:39,636 - __main__ - INFO - EVENT: student_registered - {"roll": "23102A0018"}
2025-09-23 19:22:44,768 - __main__ - INFO - EVENT: student_registered - {"roll": "23102A0025"}
2025-09-23 19:23:16,452 - __main__ - INFO - EVENT: exam_started - {"student_count": 2}
2025-09-23 19:23:16,455 - __main__ - INFO - Berkeley time synchronization started
2025-09-23 19:23:28,167 - __main__ - INFO - EVENT: cheating_detected - {"roll": "23102A0018", "evidence": "f", "current_warnings": 0, "current_marks": 100.0}
2025-09-23 20:33:59,549 - __main__ - INFO - Exam Coordinator master initialized on port 8000
2025-09-23 20:33:59,550 - __main__ - ERROR - Failed to create server on port 8000: [Errno 48] Address already in use
2025-09-23 20:33:59,550 - __main__ - ERROR - Failed to start server: [Errno 48] Address already in use
2025-09-23 20:34:02,578 - __main__ - INFO - Exam Coordinator replica1 initialized on port 8001
2025-09-23 20:34:02,578 - __main__ - ERROR - Failed to create server on port 8001: [Errno 48] Address already in use
2025-09-23 20:34:02,578 - __main__ - ERROR - Failed to start server: [Errno 48] Address already in use
2025-09-23 20:34:04,593 - __main__ - INFO - Exam Coordinator replica2 initialized on port 8002
2025-09-23 20:34:04,593 - __main__ - ERROR - Failed to create server on port 8002: [Errno 48] Address already in use
2025-09-23 20:34:04,593 - __main__ - ERROR - Failed to start server: [Errno 48] Address already in use
2025-09-23 20:35:29,641 - __main__ - INFO - Exam Coordinator master initialized on port 8000
2025-09-23 20:35:29,641 - __main__ - ERROR - Failed to create server on port 8000: [Errno 48] Address already in use
2025-09-23 20:35:29,641 - __main__ - ERROR - Failed to start server: [Errno 48] Address already in use
2025-09-23 20:35:32,631 - __main__ - INFO - Exam Coordinator replica1 initialized on port 8001
2025-09-23 20:35:32,631 - __main__ - ERROR - Failed to create server on port 8001: [Errno 48] Address already in use
2025-09-23 20:35:32,631 - __main__ - ERROR - Failed to start server: [Errno 48] Address already in use
2025-09-23 20:35:34,627 - __main__ - INFO - Exam Coordinator replica2 initialized on port 8002
2025-09-23 20:35:34,627 - __main__ - ERROR - Failed to create server on port 8002: [Errno 48] Address already in use
2025-09-23 20:35:34,627 - __main__ - ERROR - Failed to start server: [Errno 48] Address already in use
2025-09-23 20:36:33,189 - __main__ - INFO - Exam Coordinator master initialized on port 8000
2025-09-23 20:36:33,189 - __main__ - ERROR - Failed to create server on port 8000: [Errno 48] Address already in use
2025-09-23 20:36:33,189 - __main__ - ERROR - Failed to start server: [Errno 48] Address already in use
2025-09-23 20:36:36,158 - __main__ - INFO - Exam Coordinator replica1 initialized on port 8001
2025-09-23 20:36:36,158 - __main__ - ERROR - Failed to create server on port 8001: [Errno 48] Address already in use
2025-09-23 20:36:36,158 - __main__ - ERROR - Failed to start server: [Errno 48] Address already in use
2025-09-23 20:36:38,186 - __main__ - INFO - Exam Coordinator replica2 initialized on port 8002
2025-09-23 20:36:38,186 - __main__ - ERROR - Failed to create server on port 8002: [Errno 48] Address already in use
2025-09-23 20:36:38,186 - __main__ - ERROR - Failed to start server: [Errno 48] Address already in use
2025-09-30 11:54:16,435 - __main__ - INFO - Exam Coordinator replica1 initialized on port 8001
2025-09-30 11:54:16,435 - __main__ - ERROR - Failed to create server on port 8001: [Errno 48] Address already in use
2025-09-30 11:54:16,435 - __main__ - INFO - Exam Coordinator master initialized on port 8000
2025-09-30 11:54:16,435 - __main__ - ERROR - Failed to start server: [Errno 48] Address already in use
2025-09-30 11:54:16,435 - __main__ - ERROR - Failed to create server on port 8000: [Errno 48] Address already in use
2025-09-30 11:54:16,435 - __main__ - ERROR - Failed to start server: [Errno 48] Address already in use
2025-09-30 11:54:16,437 - __main__ - INFO - Exam Coordinator replica2 initialized on port 8002
2025-09-30 11:54:16,437 - __main__ - ERROR - Failed to create server on port 8002: [Errno 48] Address already in use
2025-09-30 11:54:16,437 - __main__ - ERROR - Failed to start server: [Errno 48] Address already in use
2025-09-30 11:59:18,367 - __main__ - INFO - Exam Coordinator replica1 initialized on port 8001
2025-09-30 11:59:18,367 - __main__ - INFO - XML-RPC Server starting on port 8001 (Replica: replica1)
2025-09-30 11:59:18,367 - __main__ - INFO - Exam Coordinator replica2 initialized on port 8002
2025-09-30 11:59:18,367 - __main__ - INFO - XML-RPC Server starting on port 8002 (Replica: replica2)
2025-09-30 11:59:18,370 - __main__ - INFO - Exam Coordinator master initialized on port 8000
2025-09-30 11:59:18,370 - __main__ - ERROR - Failed to create server on port 8000: [Errno 48] Address already in use
2025-09-30 11:59:18,370 - __main__ - ERROR - Failed to start server: [Errno 48] Address already in use
2025-09-30 13:10:10,758 - __main__ - INFO - Exam Coordinator replica2 initialized on port 8002
2025-09-30 13:10:10,758 - __main__ - INFO - Exam Coordinator master initialized on port 8000
2025-09-30 13:10:10,758 - __main__ - INFO - Exam Coordinator replica1 initialized on port 8001
2025-09-30 13:10:10,758 - __main__ - ERROR - Failed to create server on port 8000: [Errno 48] Address already in use
2025-09-30 13:10:10,758 - __main__ - INFO - XML-RPC Server starting on port 8002 (Replica: replica2)
2025-09-30 13:10:10,759 - __main__ - ERROR - Failed to start server: [Errno 48] Address already in use
2025-09-30 13:10:10,759 - __main__ - INFO - XML-RPC Server starting on port 8001 (Replica: replica1)
2025-09-30 13:15:06,024 - __main__ - INFO - Exam Coordinator replica1 initialized on port 8011
2025-09-30 13:15:06,024 - __main__ - INFO - Exam Coordinator replica2 initialized on port 8012
2025-09-30 13:15:06,024 - __main__ - INFO - XML-RPC Server starting on port 8011 (Replica: replica1)
2025-09-30 13:15:06,024 - __main__ - INFO - XML-RPC Server starting on port 8012 (Replica: replica2)
2025-09-30 13:15:06,025 - __main__ - INFO - Exam Coordinator master initialized on port 8010
2025-09-30 13:15:06,025 - __main__ - INFO - XML-RPC Server starting on port 8010 (Replica: master)
2025-09-30 13:15:36,910 - __main__ - INFO - EVENT: student_registered - {"roll": "23102A0018"}
2025-09-30 13:15:43,159 - __main__ - INFO - EVENT: student_registered - {"roll": "23102A0001"}
2025-09-30 13:15:59,729 - __main__ - INFO - EVENT: exam_started - {"student_count": 2}
2025-09-30 13:15:59,731 - __main__ - INFO - Berkeley time synchronization started
